<?xml version="1.0" encoding="UTF-8" ?>
<testsuites disabled="0" errors="0" failures="0" tests="1" time="13.366">
 <testsuite name="Laserhub&apos;s Login tests" timestamp="2022-05-01T21:56:35" hostname="localhost" time="13.366" errors="0" tests="1" skipped="0" disabled="0" failures="0">
  <testcase classname="Laserhub&apos;s Login tests" name="Test verifies that user can login into the Laserhub&apos;s account" time="13.361" />
 </testsuite>
</testsuites>